<?xml version="1.0" encoding="UTF-8"?>
<!-- Generated by org.testng.reporters.JUnitReportReporter -->
<testsuite hostname="DESKTOP-V4KPUEH" failures="0" tests="1" name="Automation.demoqa" time="21.889" errors="0" timestamp="2023-08-23T17:56:44 IST" skipped="0">
  <testcase classname="Automation.demoqa" name="switchwindows" time="21.889"/>
  <system-out/>
</testsuite> <!-- Automation.demoqa -->
