<?xml version="1.0" encoding="UTF-8"?>
<!-- Generated by org.testng.reporters.JUnitReportReporter -->
<testsuite hostname="DESKTOP-V4KPUEH" failures="0" tests="2" name="Automation.demoOrangeHRM" time="9.309" errors="0" timestamp="2023-08-28T11:26:10 IST" skipped="0">
  <testcase classname="Automation.demoOrangeHRM" name="login" time="3.380"/>
  <system-out/>
  <testcase classname="Automation.demoOrangeHRM" name="Admin" time="5.929"/>
  <system-out/>
</testsuite> <!-- Automation.demoOrangeHRM -->
