<?xml version="1.0" encoding="UTF-8"?>
<!-- Generated by org.testng.reporters.JUnitReportReporter -->
<testsuite hostname="DESKTOP-V4KPUEH" failures="0" tests="3" name="Automation.Dataprovider" time="8.079" errors="0" timestamp="2023-08-26T21:07:03 IST" skipped="0">
  <testcase classname="Automation.Dataprovider" name="logout" time="5.235"/>
  <system-out/>
  <testcase classname="Automation.Dataprovider" name="login" time="1.094"/>
  <system-out/>
  <testcase classname="Automation.Dataprovider" name="login" time="1.750"/>
  <system-out/>
</testsuite> <!-- Automation.Dataprovider -->
