<?xml version="1.0" encoding="UTF-8"?>
<!-- Generated by org.testng.reporters.JUnitReportReporter -->
<testsuite hostname="DESKTOP-V4KPUEH" failures="0" tests="1" name="Automation.Datadriven" time="51.028" errors="0" timestamp="2023-08-22T00:21:17 IST" skipped="0">
  <testcase classname="Automation.Datadriven" name="dd" time="51.028"/>
  <system-out/>
</testsuite> <!-- Automation.Datadriven -->
