<?xml version="1.0" encoding="UTF-8"?>
<!-- Generated by org.testng.reporters.JUnitReportReporter -->
<testsuite hostname="DESKTOP-V4KPUEH" failures="0" tests="2" name="Automation.MkPlayer" time="6.902" errors="0" timestamp="2023-08-19T22:26:18 IST" skipped="1">
  <testcase classname="Automation.MkPlayer" name="scroll" time="6.902"/>
  <system-out/>
  <testcase classname="Automation.MkPlayer" name="movies">
    <skipped/>
  </testcase> <!-- movies -->
  <system-out/>
</testsuite> <!-- Automation.MkPlayer -->
