<?xml version="1.0" encoding="UTF-8"?>
<!-- Generated by org.testng.reporters.JUnitReportReporter -->
<testsuite hostname="DESKTOP-V4KPUEH" failures="0" tests="1" name="Automation.RahulShetty" time="8.988" errors="0" timestamp="2023-08-24T11:15:15 IST" skipped="0">
  <testcase classname="Automation.RahulShetty" name="DropDown1" time="8.988"/>
  <system-out/>
</testsuite> <!-- Automation.RahulShetty -->
