<?xml version="1.0" encoding="UTF-8"?>
<!-- Generated by org.testng.reporters.JUnitReportReporter -->
<testsuite hostname="DESKTOP-V4KPUEH" failures="0" tests="7" name="Automation.SwagLabs" time="21.353" errors="0" timestamp="2023-08-27T18:34:38 IST" skipped="0">
  <testcase classname="Automation.SwagLabs" name="Login" time="0.790"/>
  <system-out/>
  <testcase classname="Automation.SwagLabs" name="Homepage" time="3.690"/>
  <system-out/>
  <testcase classname="Automation.SwagLabs" name="AddToCart" time="3.444"/>
  <system-out/>
  <testcase classname="Automation.SwagLabs" name="CheckOutInfo" time="3.628"/>
  <system-out/>
  <testcase classname="Automation.SwagLabs" name="CheckOutOverView" time="3.146"/>
  <system-out/>
  <testcase classname="Automation.SwagLabs" name="CheckOutComplete" time="3.234"/>
  <system-out/>
  <testcase classname="Automation.SwagLabs" name="BacktoHome" time="3.421"/>
  <system-out/>
</testsuite> <!-- Automation.SwagLabs -->
